<?xml version="1.0" encoding="UTF-8"?>
<testng-results skipped="0" failed="1" total="1" passed="0">
  <reporter-output>
  </reporter-output>
  <suite name="Default suite" duration-ms="8636" started-at="2013-05-08T22:10:58Z" finished-at="2013-05-08T22:11:06Z">
    <groups>
    </groups>
    <test name="Default test" duration-ms="8636" started-at="2013-05-08T22:10:58Z" finished-at="2013-05-08T22:11:06Z">
      <class name="org.openiam.idm.connector.csv.CSVTouchTest">
        <test-method status="PASS" signature="springTestContextBeforeTestClass()[pri:0, instance:org.openiam.idm.connector.csv.CSVTouchTest@135ae7e]" name="springTestContextBeforeTestClass" is-config="true" duration-ms="6" started-at="2013-05-09T02:10:58Z" finished-at="2013-05-09T02:10:58Z">
          <reporter-output>
          </reporter-output>
        </test-method> <!-- springTestContextBeforeTestClass -->
        <test-method status="PASS" signature="springTestContextPrepareTestInstance()[pri:0, instance:org.openiam.idm.connector.csv.CSVTouchTest@135ae7e]" name="springTestContextPrepareTestInstance" is-config="true" duration-ms="7983" started-at="2013-05-09T02:10:58Z" depends-on-methods="org.springframework.test.context.testng.AbstractTestNGSpringContextTests.springTestContextBeforeTestClass" finished-at="2013-05-09T02:11:06Z">
          <reporter-output>
          </reporter-output>
        </test-method> <!-- springTestContextPrepareTestInstance -->
        <test-method status="FAIL" signature="touchCSVTest()[pri:0, instance:org.openiam.idm.connector.csv.CSVTouchTest@135ae7e]" name="touchCSVTest" duration-ms="631" started-at="2013-05-09T02:11:06Z" finished-at="2013-05-09T02:11:06Z">
          <exception class="javax.xml.ws.soap.SOAPFaultException">
            <message>
              <![CDATA[Fault occurred while processing.]]>
            </message>
            <full-stacktrace>
              <![CDATA[javax.xml.ws.soap.SOAPFaultException: Fault occurred while processing.
	at org.apache.cxf.jaxws.JaxWsClientProxy.invoke(JaxWsClientProxy.java:156)
	at $Proxy96.reconcileResource(Unknown Source)
	at org.openiam.idm.connector.csv.CSVTouchTest.touchCSVTest(CSVTouchTest.java:21)
	at sun.reflect.NativeMethodAccessorImpl.invoke0(Native Method)
	at sun.reflect.NativeMethodAccessorImpl.invoke(NativeMethodAccessorImpl.java:39)
	at sun.reflect.DelegatingMethodAccessorImpl.invoke(DelegatingMethodAccessorImpl.java:25)
	at java.lang.reflect.Method.invoke(Method.java:597)
	at org.testng.internal.MethodInvocationHelper.invokeMethod(MethodInvocationHelper.java:80)
	at org.testng.internal.MethodInvocationHelper$1.runTestMethod(MethodInvocationHelper.java:182)
	at org.springframework.test.context.testng.AbstractTestNGSpringContextTests.run(AbstractTestNGSpringContextTests.java:158)
	at sun.reflect.NativeMethodAccessorImpl.invoke0(Native Method)
	at sun.reflect.NativeMethodAccessorImpl.invoke(NativeMethodAccessorImpl.java:39)
	at sun.reflect.DelegatingMethodAccessorImpl.invoke(DelegatingMethodAccessorImpl.java:25)
	at java.lang.reflect.Method.invoke(Method.java:597)
	at org.testng.internal.MethodInvocationHelper.invokeHookable(MethodInvocationHelper.java:194)
	at org.testng.internal.Invoker.invokeMethod(Invoker.java:707)
	at org.testng.internal.Invoker.invokeTestMethod(Invoker.java:901)
	at org.testng.internal.Invoker.invokeTestMethods(Invoker.java:1231)
	at org.testng.internal.TestMethodWorker.invokeTestMethods(TestMethodWorker.java:128)
	at org.testng.internal.TestMethodWorker.run(TestMethodWorker.java:111)
	at org.testng.TestRunner.privateRun(TestRunner.java:767)
	at org.testng.TestRunner.run(TestRunner.java:617)
	at org.testng.SuiteRunner.runTest(SuiteRunner.java:334)
	at org.testng.SuiteRunner.runSequentially(SuiteRunner.java:329)
	at org.testng.SuiteRunner.privateRun(SuiteRunner.java:291)
	at org.testng.SuiteRunner.run(SuiteRunner.java:240)
	at org.testng.SuiteRunnerWorker.runSuite(SuiteRunnerWorker.java:52)
	at org.testng.SuiteRunnerWorker.run(SuiteRunnerWorker.java:86)
	at org.testng.TestNG.runSuitesSequentially(TestNG.java:1203)
	at org.testng.TestNG.runSuitesLocally(TestNG.java:1128)
	at org.testng.TestNG.run(TestNG.java:1036)
	at org.testng.remote.RemoteTestNG.run(RemoteTestNG.java:111)
	at org.testng.remote.RemoteTestNG.initAndRun(RemoteTestNG.java:204)
	at org.testng.remote.RemoteTestNG.main(RemoteTestNG.java:175)
Caused by: org.apache.cxf.binding.soap.SoapFault: Fault occurred while processing.
	at org.apache.cxf.binding.soap.interceptor.Soap11FaultInInterceptor.unmarshalFault(Soap11FaultInInterceptor.java:75)
	at org.apache.cxf.binding.soap.interceptor.Soap11FaultInInterceptor.handleMessage(Soap11FaultInInterceptor.java:46)
	at org.apache.cxf.binding.soap.interceptor.Soap11FaultInInterceptor.handleMessage(Soap11FaultInInterceptor.java:35)
	at org.apache.cxf.phase.PhaseInterceptorChain.doIntercept(PhaseInterceptorChain.java:263)
	at org.apache.cxf.interceptor.AbstractFaultChainInitiatorObserver.onMessage(AbstractFaultChainInitiatorObserver.java:107)
	at org.apache.cxf.binding.soap.interceptor.CheckFaultInterceptor.handleMessage(CheckFaultInterceptor.java:69)
	at org.apache.cxf.binding.soap.interceptor.CheckFaultInterceptor.handleMessage(CheckFaultInterceptor.java:34)
	at org.apache.cxf.phase.PhaseInterceptorChain.doIntercept(PhaseInterceptorChain.java:263)
	at org.apache.cxf.endpoint.ClientImpl.onMessage(ClientImpl.java:799)
	at org.apache.cxf.transport.http.HTTPConduit$WrappedOutputStream.handleResponseInternal(HTTPConduit.java:1627)
	at org.apache.cxf.transport.http.HTTPConduit$WrappedOutputStream.handleResponse(HTTPConduit.java:1494)
	at org.apache.cxf.transport.http.HTTPConduit$WrappedOutputStream.close(HTTPConduit.java:1402)
	at org.apache.cxf.transport.AbstractConduit.close(AbstractConduit.java:56)
	at org.apache.cxf.transport.http.HTTPConduit.close(HTTPConduit.java:649)
	at org.apache.cxf.interceptor.MessageSenderInterceptor$MessageSenderEndingInterceptor.handleMessage(MessageSenderInterceptor.java:62)
	at org.apache.cxf.phase.PhaseInterceptorChain.doIntercept(PhaseInterceptorChain.java:263)
	at org.apache.cxf.endpoint.ClientImpl.doInvoke(ClientImpl.java:533)
	at org.apache.cxf.endpoint.ClientImpl.invoke(ClientImpl.java:463)
	at org.apache.cxf.endpoint.ClientImpl.invoke(ClientImpl.java:366)
	at org.apache.cxf.endpoint.ClientImpl.invoke(ClientImpl.java:319)
	at org.apache.cxf.frontend.ClientProxy.invokeSync(ClientProxy.java:88)
	at org.apache.cxf.jaxws.JaxWsClientProxy.invoke(JaxWsClientProxy.java:134)
	... 33 more
]]>
            </full-stacktrace>
          </exception> <!-- javax.xml.ws.soap.SOAPFaultException -->
          <reporter-output>
          </reporter-output>
        </test-method> <!-- touchCSVTest -->
        <test-method status="PASS" signature="springTestContextBeforeTestMethod(java.lang.reflect.Method)[pri:0, instance:org.openiam.idm.connector.csv.CSVTouchTest@135ae7e]" name="springTestContextBeforeTestMethod" is-config="true" duration-ms="0" started-at="2013-05-09T02:11:06Z" finished-at="2013-05-09T02:11:06Z">
          <params>
            <param index="0">
              <value>
                <![CDATA[public void org.openiam.idm.connector.csv.CSVTouchTest.touchCSVTest()]]>
              </value>
            </param>
          </params>
          <reporter-output>
          </reporter-output>
        </test-method> <!-- springTestContextBeforeTestMethod -->
        <test-method status="PASS" signature="springTestContextAfterTestMethod(java.lang.reflect.Method)[pri:0, instance:org.openiam.idm.connector.csv.CSVTouchTest@135ae7e]" name="springTestContextAfterTestMethod" is-config="true" duration-ms="2" started-at="2013-05-09T02:11:06Z" finished-at="2013-05-09T02:11:06Z">
          <params>
            <param index="0">
              <value>
                <![CDATA[public void org.openiam.idm.connector.csv.CSVTouchTest.touchCSVTest()]]>
              </value>
            </param>
          </params>
          <reporter-output>
          </reporter-output>
        </test-method> <!-- springTestContextAfterTestMethod -->
        <test-method status="PASS" signature="springTestContextAfterTestClass()[pri:0, instance:org.openiam.idm.connector.csv.CSVTouchTest@135ae7e]" name="springTestContextAfterTestClass" is-config="true" duration-ms="0" started-at="2013-05-09T02:11:06Z" finished-at="2013-05-09T02:11:06Z">
          <reporter-output>
          </reporter-output>
        </test-method> <!-- springTestContextAfterTestClass -->
      </class> <!-- org.openiam.idm.connector.csv.CSVTouchTest -->
    </test> <!-- Default test -->
  </suite> <!-- Default suite -->
</testng-results>
